2025-05-03 06:52:22.573  INFO 1522611 --- [restartedMain] com.geneza.lms.Application               : Starting Application on ip-172-31-12-85 with PID 1522611 (/home/ubuntu/lms/lms/lmspost/lmspostlatest/lms/lms/lmsJavaBackend/target/classes started by ubuntu in /home/ubuntu/lms/lms/lmspost/lmspostlatest/lms/lms/lmsJavaBackend)
2025-05-03 06:52:22.591  INFO 1522611 --- [restartedMain] com.geneza.lms.Application               : No active profile set, falling back to default profiles: default
2025-05-03 06:52:27.773  INFO 1522611 --- [restartedMain] o.apache.catalina.core.StandardService   : Starting service [Tomcat]
2025-05-03 06:52:27.776  INFO 1522611 --- [restartedMain] org.apache.catalina.core.StandardEngine  : Starting Servlet Engine: Apache Tomcat/8.5.37
2025-05-03 06:52:27.802  INFO 1522611 --- [localhost-startStop-1] o.a.catalina.core.AprLifecycleListener   : The APR based Apache Tomcat Native library which allows optimal performance in production environments was not found on the java.library.path: [/usr/java/packages/lib/amd64:/usr/lib/x86_64-linux-gnu/jni:/lib/x86_64-linux-gnu:/usr/lib/x86_64-linux-gnu:/usr/lib/jni:/lib:/usr/lib]
2025-05-03 06:52:27.971  INFO 1522611 --- [localhost-startStop-1] o.a.c.c.C.[Tomcat].[localhost].[/lms]    : Initializing Spring embedded WebApplicationContext
2025-05-03 06:52:28.403  INFO 1522611 --- [restartedMain] com.zaxxer.hikari.HikariDataSource       : HikariPool-1 - Starting...
2025-05-03 06:52:28.860  INFO 1522611 --- [restartedMain] com.zaxxer.hikari.HikariDataSource       : HikariPool-1 - Start completed.
2025-05-03 06:52:34.929  INFO 1522611 --- [restartedMain] pertySourcedRequestMappingHandlerMapping : Mapped URL path [/v2/api-docs] onto method [public org.springframework.http.ResponseEntity<springfox.documentation.spring.web.json.Json> springfox.documentation.swagger2.web.Swagger2Controller.getDocumentation(java.lang.String,javax.servlet.http.HttpServletRequest)]
2025-05-03 06:52:37.317  INFO 1522611 --- [restartedMain] d.s.w.p.DocumentationPluginsBootstrapper : Context refreshed
2025-05-03 06:52:37.354  INFO 1522611 --- [restartedMain] d.s.w.p.DocumentationPluginsBootstrapper : Found 1 custom documentation plugin(s)
2025-05-03 06:52:37.507  INFO 1522611 --- [restartedMain] s.d.s.w.s.ApiListingReferenceScanner     : Scanning for api listing references
2025-05-03 06:52:37.881  INFO 1522611 --- [restartedMain] .d.s.w.r.o.CachingOperationNameGenerator : Generating unique operation named: findAllPagedUsingGET_1
2025-05-03 06:52:37.891  INFO 1522611 --- [restartedMain] .d.s.w.r.o.CachingOperationNameGenerator : Generating unique operation named: findAllPagedSortedUsingGET_1
2025-05-03 06:52:38.001  INFO 1522611 --- [restartedMain] .d.s.w.r.o.CachingOperationNameGenerator : Generating unique operation named: findAllPagedUsingGET_2
2025-05-03 06:52:38.005  INFO 1522611 --- [restartedMain] .d.s.w.r.o.CachingOperationNameGenerator : Generating unique operation named: findAllPagedSortedUsingGET_2
2025-05-03 06:52:38.013  INFO 1522611 --- [restartedMain] .d.s.w.r.o.CachingOperationNameGenerator : Generating unique operation named: getAllByEnrollmentIdUsingGET_1
2025-05-03 06:52:38.016  INFO 1522611 --- [restartedMain] .d.s.w.r.o.CachingOperationNameGenerator : Generating unique operation named: getAllByModuleIdUsingGET_1
2025-05-03 06:52:38.053  INFO 1522611 --- [restartedMain] .d.s.w.r.o.CachingOperationNameGenerator : Generating unique operation named: findAllPagedUsingGET_3
2025-05-03 06:52:38.062  INFO 1522611 --- [restartedMain] .d.s.w.r.o.CachingOperationNameGenerator : Generating unique operation named: findAllPagedSortedUsingGET_3
2025-05-03 06:52:38.089  INFO 1522611 --- [restartedMain] .d.s.w.r.o.CachingOperationNameGenerator : Generating unique operation named: getAllByFiltersUsingGET_1
2025-05-03 06:52:38.121  INFO 1522611 --- [restartedMain] .d.s.w.r.o.CachingOperationNameGenerator : Generating unique operation named: findAllPagedUsingGET_4
2025-05-03 06:52:38.125  INFO 1522611 --- [restartedMain] .d.s.w.r.o.CachingOperationNameGenerator : Generating unique operation named: findAllPagedSortedUsingGET_4
2025-05-03 06:52:38.160  INFO 1522611 --- [restartedMain] .d.s.w.r.o.CachingOperationNameGenerator : Generating unique operation named: findAllPagedSortedUsingGET_5
2025-05-03 06:52:38.178  INFO 1522611 --- [restartedMain] .d.s.w.r.o.CachingOperationNameGenerator : Generating unique operation named: findAllPagedSortedUsingGET_6
2025-05-03 06:52:38.253  INFO 1522611 --- [restartedMain] .d.s.w.r.o.CachingOperationNameGenerator : Generating unique operation named: findAllPagedUsingGET_5
2025-05-03 06:52:38.256  INFO 1522611 --- [restartedMain] .d.s.w.r.o.CachingOperationNameGenerator : Generating unique operation named: findAllPagedSortedUsingGET_7
2025-05-03 06:52:38.269  INFO 1522611 --- [restartedMain] .d.s.w.r.o.CachingOperationNameGenerator : Generating unique operation named: findAllPagedUsingGET_6
2025-05-03 06:52:38.272  INFO 1522611 --- [restartedMain] .d.s.w.r.o.CachingOperationNameGenerator : Generating unique operation named: findAllPagedSortedUsingGET_8
2025-05-03 06:52:38.287  INFO 1522611 --- [restartedMain] .d.s.w.r.o.CachingOperationNameGenerator : Generating unique operation named: findAllPagedUsingGET_7
2025-05-03 06:52:38.293  INFO 1522611 --- [restartedMain] .d.s.w.r.o.CachingOperationNameGenerator : Generating unique operation named: findAllPagedSortedUsingGET_9
2025-05-03 06:52:38.299  INFO 1522611 --- [restartedMain] .d.s.w.r.o.CachingOperationNameGenerator : Generating unique operation named: getAllByBatchIdUsingGET_1
2025-05-03 06:52:38.334  INFO 1522611 --- [restartedMain] .d.s.w.r.o.CachingOperationNameGenerator : Generating unique operation named: getAllByMenuListIdUsingGET_1
2025-05-03 06:52:38.341  INFO 1522611 --- [restartedMain] .d.s.w.r.o.CachingOperationNameGenerator : Generating unique operation named: getAllByMenuListIdUsingGET_2
2025-05-03 06:52:38.354  INFO 1522611 --- [restartedMain] .d.s.w.r.o.CachingOperationNameGenerator : Generating unique operation named: findAllPagedUsingGET_8
2025-05-03 06:52:38.358  INFO 1522611 --- [restartedMain] .d.s.w.r.o.CachingOperationNameGenerator : Generating unique operation named: findAllPagedSortedUsingGET_10
2025-05-03 06:52:38.361  INFO 1522611 --- [restartedMain] .d.s.w.r.o.CachingOperationNameGenerator : Generating unique operation named: getAllByCourseIdUsingGET_1
2025-05-03 06:52:38.393  INFO 1522611 --- [restartedMain] .d.s.w.r.o.CachingOperationNameGenerator : Generating unique operation named: findAllPagedUsingGET_9
2025-05-03 06:52:38.397  INFO 1522611 --- [restartedMain] .d.s.w.r.o.CachingOperationNameGenerator : Generating unique operation named: findAllPagedSortedUsingGET_11
2025-05-03 06:52:38.441  INFO 1522611 --- [restartedMain] .d.s.w.r.o.CachingOperationNameGenerator : Generating unique operation named: findAllPagedUsingGET_10
2025-05-03 06:52:38.445  INFO 1522611 --- [restartedMain] .d.s.w.r.o.CachingOperationNameGenerator : Generating unique operation named: findAllPagedSortedUsingGET_12
2025-05-03 06:52:38.534  INFO 1522611 --- [restartedMain] com.geneza.lms.Application               : Started Application in 16.866 seconds (JVM running for 17.412)
2025-05-03 06:54:01.840  INFO 1522611 --- [http-nio-8080-exec-1] o.a.c.c.C.[Tomcat].[localhost].[/lms]    : Initializing Spring FrameworkServlet 'dispatcherServlet'
2025-05-03 06:55:08.369  INFO 1522611 --- [Thread-11] com.zaxxer.hikari.HikariDataSource       : HikariPool-1 - Shutdown initiated...
2025-05-03 06:55:08.393  INFO 1522611 --- [Thread-11] com.zaxxer.hikari.HikariDataSource       : HikariPool-1 - Shutdown completed.
2025-05-03 07:18:34.158  INFO 1530289 --- [restartedMain] com.geneza.lms.Application               : Starting Application on ip-172-31-12-85 with PID 1530289 (/home/ubuntu/lms/lms/lmspost/lmspostlatest/lms/lms/lmsJavaBackend/target/classes started by ubuntu in /home/ubuntu/lms/lms/lmspost/lmspostlatest/lms/lms/lmsJavaBackend)
2025-05-03 07:18:34.168  INFO 1530289 --- [restartedMain] com.geneza.lms.Application               : No active profile set, falling back to default profiles: default
2025-05-03 07:18:38.264  INFO 1530289 --- [restartedMain] o.apache.catalina.core.StandardService   : Starting service [Tomcat]
2025-05-03 07:18:38.267  INFO 1530289 --- [restartedMain] org.apache.catalina.core.StandardEngine  : Starting Servlet Engine: Apache Tomcat/8.5.37
2025-05-03 07:18:38.292  INFO 1530289 --- [localhost-startStop-1] o.a.catalina.core.AprLifecycleListener   : The APR based Apache Tomcat Native library which allows optimal performance in production environments was not found on the java.library.path: [/usr/java/packages/lib/amd64:/usr/lib/x86_64-linux-gnu/jni:/lib/x86_64-linux-gnu:/usr/lib/x86_64-linux-gnu:/usr/lib/jni:/lib:/usr/lib]
2025-05-03 07:18:38.431  INFO 1530289 --- [localhost-startStop-1] o.a.c.c.C.[Tomcat].[localhost].[/lms]    : Initializing Spring embedded WebApplicationContext
2025-05-03 07:18:38.854  INFO 1530289 --- [restartedMain] com.zaxxer.hikari.HikariDataSource       : HikariPool-1 - Starting...
2025-05-03 07:18:39.398  INFO 1530289 --- [restartedMain] com.zaxxer.hikari.HikariDataSource       : HikariPool-1 - Start completed.
2025-05-03 07:18:44.887  INFO 1530289 --- [restartedMain] pertySourcedRequestMappingHandlerMapping : Mapped URL path [/v2/api-docs] onto method [public org.springframework.http.ResponseEntity<springfox.documentation.spring.web.json.Json> springfox.documentation.swagger2.web.Swagger2Controller.getDocumentation(java.lang.String,javax.servlet.http.HttpServletRequest)]
2025-05-03 07:18:47.265  INFO 1530289 --- [restartedMain] d.s.w.p.DocumentationPluginsBootstrapper : Context refreshed
2025-05-03 07:18:47.302  INFO 1530289 --- [restartedMain] d.s.w.p.DocumentationPluginsBootstrapper : Found 1 custom documentation plugin(s)
2025-05-03 07:18:47.442  INFO 1530289 --- [restartedMain] s.d.s.w.s.ApiListingReferenceScanner     : Scanning for api listing references
2025-05-03 07:18:47.798  INFO 1530289 --- [restartedMain] .d.s.w.r.o.CachingOperationNameGenerator : Generating unique operation named: findAllPagedUsingGET_1
2025-05-03 07:18:47.808  INFO 1530289 --- [restartedMain] .d.s.w.r.o.CachingOperationNameGenerator : Generating unique operation named: findAllPagedSortedUsingGET_1
2025-05-03 07:18:47.922  INFO 1530289 --- [restartedMain] .d.s.w.r.o.CachingOperationNameGenerator : Generating unique operation named: findAllPagedUsingGET_2
2025-05-03 07:18:47.931  INFO 1530289 --- [restartedMain] .d.s.w.r.o.CachingOperationNameGenerator : Generating unique operation named: findAllPagedSortedUsingGET_2
2025-05-03 07:18:47.947  INFO 1530289 --- [restartedMain] .d.s.w.r.o.CachingOperationNameGenerator : Generating unique operation named: getAllByEnrollmentIdUsingGET_1
2025-05-03 07:18:47.950  INFO 1530289 --- [restartedMain] .d.s.w.r.o.CachingOperationNameGenerator : Generating unique operation named: getAllByModuleIdUsingGET_1
2025-05-03 07:18:47.988  INFO 1530289 --- [restartedMain] .d.s.w.r.o.CachingOperationNameGenerator : Generating unique operation named: findAllPagedUsingGET_3
2025-05-03 07:18:47.993  INFO 1530289 --- [restartedMain] .d.s.w.r.o.CachingOperationNameGenerator : Generating unique operation named: findAllPagedSortedUsingGET_3
2025-05-03 07:18:48.021  INFO 1530289 --- [restartedMain] .d.s.w.r.o.CachingOperationNameGenerator : Generating unique operation named: getAllByFiltersUsingGET_1
2025-05-03 07:18:48.052  INFO 1530289 --- [restartedMain] .d.s.w.r.o.CachingOperationNameGenerator : Generating unique operation named: findAllPagedUsingGET_4
2025-05-03 07:18:48.056  INFO 1530289 --- [restartedMain] .d.s.w.r.o.CachingOperationNameGenerator : Generating unique operation named: findAllPagedSortedUsingGET_4
2025-05-03 07:18:48.082  INFO 1530289 --- [restartedMain] .d.s.w.r.o.CachingOperationNameGenerator : Generating unique operation named: findAllPagedSortedUsingGET_5
2025-05-03 07:18:48.109  INFO 1530289 --- [restartedMain] .d.s.w.r.o.CachingOperationNameGenerator : Generating unique operation named: findAllPagedSortedUsingGET_6
2025-05-03 07:18:48.137  INFO 1530289 --- [restartedMain] .d.s.w.r.o.CachingOperationNameGenerator : Generating unique operation named: findAllPagedUsingGET_5
2025-05-03 07:18:48.140  INFO 1530289 --- [restartedMain] .d.s.w.r.o.CachingOperationNameGenerator : Generating unique operation named: findAllPagedSortedUsingGET_7
2025-05-03 07:18:48.215  INFO 1530289 --- [restartedMain] .d.s.w.r.o.CachingOperationNameGenerator : Generating unique operation named: findAllPagedUsingGET_6
2025-05-03 07:18:48.222  INFO 1530289 --- [restartedMain] .d.s.w.r.o.CachingOperationNameGenerator : Generating unique operation named: findAllPagedSortedUsingGET_8
2025-05-03 07:18:48.251  INFO 1530289 --- [restartedMain] .d.s.w.r.o.CachingOperationNameGenerator : Generating unique operation named: findAllPagedUsingGET_7
2025-05-03 07:18:48.255  INFO 1530289 --- [restartedMain] .d.s.w.r.o.CachingOperationNameGenerator : Generating unique operation named: findAllPagedSortedUsingGET_9
2025-05-03 07:18:48.260  INFO 1530289 --- [restartedMain] .d.s.w.r.o.CachingOperationNameGenerator : Generating unique operation named: getAllByBatchIdUsingGET_1
2025-05-03 07:18:48.297  INFO 1530289 --- [restartedMain] .d.s.w.r.o.CachingOperationNameGenerator : Generating unique operation named: getAllByMenuListIdUsingGET_1
2025-05-03 07:18:48.300  INFO 1530289 --- [restartedMain] .d.s.w.r.o.CachingOperationNameGenerator : Generating unique operation named: getAllByMenuListIdUsingGET_2
2025-05-03 07:18:48.315  INFO 1530289 --- [restartedMain] .d.s.w.r.o.CachingOperationNameGenerator : Generating unique operation named: findAllPagedUsingGET_8
2025-05-03 07:18:48.318  INFO 1530289 --- [restartedMain] .d.s.w.r.o.CachingOperationNameGenerator : Generating unique operation named: findAllPagedSortedUsingGET_10
2025-05-03 07:18:48.322  INFO 1530289 --- [restartedMain] .d.s.w.r.o.CachingOperationNameGenerator : Generating unique operation named: getAllByCourseIdUsingGET_1
2025-05-03 07:18:48.343  INFO 1530289 --- [restartedMain] .d.s.w.r.o.CachingOperationNameGenerator : Generating unique operation named: findAllPagedUsingGET_9
2025-05-03 07:18:48.348  INFO 1530289 --- [restartedMain] .d.s.w.r.o.CachingOperationNameGenerator : Generating unique operation named: findAllPagedSortedUsingGET_11
2025-05-03 07:18:48.379  INFO 1530289 --- [restartedMain] .d.s.w.r.o.CachingOperationNameGenerator : Generating unique operation named: findAllPagedUsingGET_10
2025-05-03 07:18:48.381  INFO 1530289 --- [restartedMain] .d.s.w.r.o.CachingOperationNameGenerator : Generating unique operation named: findAllPagedSortedUsingGET_12
2025-05-03 07:18:48.473  INFO 1530289 --- [restartedMain] com.geneza.lms.Application               : Started Application in 15.16 seconds (JVM running for 15.955)
2025-05-03 07:20:00.502  INFO 1530289 --- [http-nio-8080-exec-1] o.a.c.c.C.[Tomcat].[localhost].[/lms]    : Initializing Spring FrameworkServlet 'dispatcherServlet'
2025-05-03 07:20:58.389  INFO 1530289 --- [Thread-11] com.zaxxer.hikari.HikariDataSource       : HikariPool-1 - Shutdown initiated...
2025-05-03 07:20:58.420  INFO 1530289 --- [Thread-11] com.zaxxer.hikari.HikariDataSource       : HikariPool-1 - Shutdown completed.
